mode: atomic
github.com/backwardgo/kanban/db/init.go:5.13,7.2 1 1
github.com/backwardgo/kanban/db/CreateBoard.go:8.9,9.48 1 12
github.com/backwardgo/kanban/db/CreateBoard.go:13.2,20.30 2 12
github.com/backwardgo/kanban/db/CreateBoard.go:9.48,11.3 1 0
github.com/backwardgo/kanban/db/CreateList.go:8.9,9.47 1 8
github.com/backwardgo/kanban/db/CreateList.go:13.2,20.30 2 8
github.com/backwardgo/kanban/db/CreateList.go:9.47,11.3 1 0
github.com/backwardgo/kanban/db/CreateUser.go:8.9,9.47 1 137
github.com/backwardgo/kanban/db/CreateUser.go:13.2,20.30 2 137
github.com/backwardgo/kanban/db/CreateUser.go:9.47,11.3 1 0
github.com/backwardgo/kanban/db/Pager.go:5.41,6.14 1 25
github.com/backwardgo/kanban/db/Pager.go:10.2,10.17 1 25
github.com/backwardgo/kanban/db/Pager.go:14.2,17.3 1 25
github.com/backwardgo/kanban/db/Pager.go:6.14,8.3 1 5
github.com/backwardgo/kanban/db/Pager.go:10.17,12.3 1 5
github.com/backwardgo/kanban/db/Pager.go:35.29,37.2 1 5
github.com/backwardgo/kanban/db/Pager.go:39.32,41.2 1 5
github.com/backwardgo/kanban/db/Pager.go:43.37,45.2 1 5
github.com/backwardgo/kanban/db/Pager.go:47.74,54.2 2 25
github.com/backwardgo/kanban/db/Pager.go:56.52,58.2 1 25
github.com/backwardgo/kanban/db/SelectUsers.go:17.3,23.18 4 31
github.com/backwardgo/kanban/db/SelectUsers.go:33.2,33.39 1 31
github.com/backwardgo/kanban/db/SelectUsers.go:41.2,41.29 1 31
github.com/backwardgo/kanban/db/SelectUsers.go:48.2,49.26 2 31
github.com/backwardgo/kanban/db/SelectUsers.go:53.2,53.19 1 31
github.com/backwardgo/kanban/db/SelectUsers.go:23.18,25.17 2 25
github.com/backwardgo/kanban/db/SelectUsers.go:29.3,30.35 2 25
github.com/backwardgo/kanban/db/SelectUsers.go:25.17,27.4 1 0
github.com/backwardgo/kanban/db/SelectUsers.go:33.39,39.3 1 25
github.com/backwardgo/kanban/db/SelectUsers.go:41.29,43.53 2 25
github.com/backwardgo/kanban/db/SelectUsers.go:43.53,45.4 1 25
github.com/backwardgo/kanban/db/SelectUsers.go:49.26,51.3 1 0
github.com/backwardgo/kanban/db/UserByEmail.go:11.3,19.2 2 5
github.com/backwardgo/kanban/db/UserById.go:14.3,22.2 2 5
github.com/backwardgo/kanban/db/UserFilter.go:13.78,14.23 1 62
github.com/backwardgo/kanban/db/UserFilter.go:18.2,18.25 1 62
github.com/backwardgo/kanban/db/UserFilter.go:22.2,22.14 1 62
github.com/backwardgo/kanban/db/UserFilter.go:14.23,16.3 1 0
github.com/backwardgo/kanban/db/UserFilter.go:18.25,20.3 1 8
github.com/backwardgo/kanban/db/newMigrator.go:11.67,13.16 2 1
github.com/backwardgo/kanban/db/newMigrator.go:17.2,23.3 2 1
github.com/backwardgo/kanban/db/newMigrator.go:13.16,15.3 1 0
github.com/backwardgo/kanban/db/translatePQError.go:8.40,9.16 1 161
github.com/backwardgo/kanban/db/translatePQError.go:13.2,13.36 1 0
github.com/backwardgo/kanban/db/translatePQError.go:26.2,26.12 1 0
github.com/backwardgo/kanban/db/translatePQError.go:9.16,11.3 1 161
github.com/backwardgo/kanban/db/translatePQError.go:13.36,15.26 1 0
github.com/backwardgo/kanban/db/translatePQError.go:16.3,17.26 1 0
github.com/backwardgo/kanban/db/translatePQError.go:19.4,20.51 1 0
github.com/backwardgo/kanban/db/CreateCard.go:8.9,9.47 1 4
github.com/backwardgo/kanban/db/CreateCard.go:13.2,20.30 2 4
github.com/backwardgo/kanban/db/CreateCard.go:9.47,11.3 1 0
github.com/backwardgo/kanban/db/MigrateDown.go:5.38,7.16 2 0
github.com/backwardgo/kanban/db/MigrateDown.go:11.2,12.16 2 0
github.com/backwardgo/kanban/db/MigrateDown.go:7.16,9.3 1 0
github.com/backwardgo/kanban/db/MigrateDown.go:12.16,14.3 1 0
github.com/backwardgo/kanban/db/MigrateUp.go:5.36,7.16 2 0
github.com/backwardgo/kanban/db/MigrateUp.go:11.2,11.42 1 0
github.com/backwardgo/kanban/db/MigrateUp.go:7.16,9.3 1 0
github.com/backwardgo/kanban/db/MigrateUp.go:11.42,13.3 1 0
github.com/backwardgo/kanban/db/OrderBy.go:18.35,20.2 1 25
github.com/backwardgo/kanban/db/Connection.go:16.42,18.2 1 0
github.com/backwardgo/kanban/db/Connection.go:20.54,27.2 3 63
github.com/backwardgo/kanban/db/Connection.go:29.67,31.16 2 0
github.com/backwardgo/kanban/db/Connection.go:35.2,35.41 1 0
github.com/backwardgo/kanban/db/Connection.go:31.16,33.3 1 0
github.com/backwardgo/kanban/db/Connection.go:42.51,44.16 2 63
github.com/backwardgo/kanban/db/Connection.go:48.2,48.38 1 63
github.com/backwardgo/kanban/db/Connection.go:44.16,46.3 1 0
github.com/backwardgo/kanban/db/Connection.go:51.55,53.16 2 0
github.com/backwardgo/kanban/db/Connection.go:57.2,57.37 1 0
github.com/backwardgo/kanban/db/Connection.go:65.2,65.19 1 0
github.com/backwardgo/kanban/db/Connection.go:53.16,55.3 1 0
github.com/backwardgo/kanban/db/Connection.go:57.37,58.36 1 0
github.com/backwardgo/kanban/db/Connection.go:62.3,62.13 1 0
github.com/backwardgo/kanban/db/Connection.go:58.36,60.4 1 0
github.com/backwardgo/kanban/db/CountUsers.go:11.3,20.26 3 31
github.com/backwardgo/kanban/db/CountUsers.go:24.2,24.19 1 31
github.com/backwardgo/kanban/db/CountUsers.go:20.26,22.3 1 0
github.com/backwardgo/kanban/db/MigrateRedo.go:5.38,7.16 2 1
github.com/backwardgo/kanban/db/MigrateRedo.go:11.2,11.43 1 1
github.com/backwardgo/kanban/db/MigrateRedo.go:15.2,15.42 1 1
github.com/backwardgo/kanban/db/MigrateRedo.go:7.16,9.3 1 0
github.com/backwardgo/kanban/db/MigrateRedo.go:11.43,13.3 1 0
github.com/backwardgo/kanban/db/MigrateRedo.go:15.42,17.3 1 0
github.com/backwardgo/kanban/db/Transaction.go:20.55,26.2 1 63
github.com/backwardgo/kanban/db/Transaction.go:34.46,36.2 1 0
github.com/backwardgo/kanban/db/Transaction.go:38.48,40.2 1 0
github.com/backwardgo/kanban/db/Transaction.go:42.40,43.46 1 63
github.com/backwardgo/kanban/db/Transaction.go:47.2,47.48 1 63
github.com/backwardgo/kanban/db/Transaction.go:51.2,51.12 1 63
github.com/backwardgo/kanban/db/Transaction.go:43.46,45.3 1 0
github.com/backwardgo/kanban/db/Transaction.go:47.48,49.3 1 0
github.com/backwardgo/kanban/db/Transaction.go:54.38,55.44 1 0
github.com/backwardgo/kanban/db/Transaction.go:59.2,59.44 1 0
github.com/backwardgo/kanban/db/Transaction.go:63.2,63.12 1 0
github.com/backwardgo/kanban/db/Transaction.go:55.44,57.3 1 0
github.com/backwardgo/kanban/db/Transaction.go:59.44,61.3 1 0
github.com/backwardgo/kanban/db/Transaction.go:66.67,68.2 1 161
github.com/backwardgo/kanban/db/Transaction.go:70.68,72.2 1 72
github.com/backwardgo/kanban/db/Transaction.go:74.63,76.2 1 0
github.com/backwardgo/kanban/db/UserBySignin.go:16.3,19.49 2 0
github.com/backwardgo/kanban/db/UserBySignin.go:23.2,24.16 2 0
github.com/backwardgo/kanban/db/UserBySignin.go:28.2,33.12 2 0
github.com/backwardgo/kanban/db/UserBySignin.go:37.2,37.18 1 0
github.com/backwardgo/kanban/db/UserBySignin.go:19.49,21.3 1 0
github.com/backwardgo/kanban/db/UserBySignin.go:24.16,26.3 1 0
github.com/backwardgo/kanban/db/UserBySignin.go:33.12,35.3 1 0
